<?xml version="1.0" encoding="UTF-8"?>
<testsuite name="ru.max.pet.swagLabs_Login_Standard_user" tests="1" skipped="0" failures="0" errors="0" timestamp="2022-06-29T15:05:54" hostname="fedora" time="9.453">
  <properties/>
  <testcase name="setUp()" classname="ru.max.pet.swagLabs_Login_Standard_user" time="9.453"/>
  <system-out><![CDATA[]]></system-out>
  <system-err><![CDATA[июн. 29, 2022 6:05:54 PM org.openqa.selenium.remote.tracing.opentelemetry.OpenTelemetryTracer createTracer
INFO: Using OpenTelemetry for tracing
SLF4J: Failed to load class "org.slf4j.impl.StaticLoggerBinder".
SLF4J: Defaulting to no-operation (NOP) logger implementation
SLF4J: See http://www.slf4j.org/codes.html#StaticLoggerBinder for further details.
июн. 29, 2022 6:06:01 PM org.openqa.selenium.remote.ProtocolHandshake createSession
INFO: Detected dialect: W3C
]]></system-err>
</testsuite>
